<?xml version="1.0" encoding="UTF-8"?>
<!-- Generated by org.testng.reporters.JUnitReportReporter -->
<testsuite hostname="010A1801200251" name="javaCore.Compare" tests="1" failures="0" timestamp="21 Jan 2019 07:56:52 GMT" time="0.112" errors="0">
  <testcase name="toJson" time="0.112" classname="javaCore.Compare"/>
</testsuite> <!-- javaCore.Compare -->
