<?xml version="1.0" encoding="UTF-8"?>
<!-- Generated by org.testng.reporters.JUnitReportReporter -->
<testsuite hostname="DESKTOP-5HLE98H" name="javaCore.fileStream" tests="1" failures="0" timestamp="19 Aug 2018 06:00:13 GMT" time="0.015" errors="0">
  <testcase name="object_serialzable_read" time="0.015" classname="javaCore.fileStream"/>
</testsuite> <!-- javaCore.fileStream -->
