<?xml version="1.0" encoding="UTF-8"?>
<!-- Generated by org.testng.reporters.JUnitReportReporter -->
<testsuite hostname="DESKTOP-5HLE98H" name="javaCore.compare" tests="1" failures="0" timestamp="17 Jan 2019 15:15:17 GMT" time="0.112" errors="0">
  <testcase name="toJson" time="0.112" classname="javaCore.compare"/>
</testsuite> <!-- javaCore.compare -->
