<?xml version="1.0" encoding="UTF-8"?>
<!-- Generated by org.testng.reporters.JUnitReportReporter -->
<testsuite hostname="DESKTOP-5HLE98H" name="test.parallel" tests="2" failures="0" timestamp="31 Jul 2018 17:38:19 GMT" time="0.648" errors="0">
  <testcase name="f1" time="0.647" classname="test.parallel"/>
  <testcase name="f2" time="0.001" classname="test.parallel"/>
</testsuite> <!-- test.parallel -->
