<?xml version="1.0" encoding="UTF-8"?>
<!-- Generated by org.testng.reporters.JUnitReportReporter -->
<testsuite skipped="0" hostname="DESKTOP-5HLE98H" name="test.NewTest" tests="1" failures="0" timestamp="31 七月 2018 15:04:30 GMT" time="0.008" errors="0">
  <testcase name="f" time="0.008" classname="test.NewTest"/>
</testsuite> <!-- test.NewTest -->
